Copyright 1986-2019 Xilinx, Inc. All Rights Reserved.
--------------------------------------------------------------------------------------
| Tool Version : Vivado v.2019.2.1 (lin64) Build 2729669 Thu Dec  5 04:48:12 MST 2019
| Date         : Thu Dec  3 15:41:40 2020
| Host         : connors-workstation running 64-bit Ubuntu 18.04.5 LTS
| Command      : upgrade_ip
| Device       : xc7a100tcsg324-1
--------------------------------------------------------------------------------------

Upgrade Log for IP 'axi_cpu_rst_clk_wiz_1_100M_0'

1. Summary
----------

SUCCESS in the conversion of axi_cpu_rst_clk_wiz_1_100M_0 (xilinx.com:ip:proc_sys_reset:5.0 (Rev. 13)) to Vivado generation flows.






Copyright 1986-2019 Xilinx, Inc. All Rights Reserved.
--------------------------------------------------------------------------------------
| Tool Version : Vivado v.2019.2.1 (lin64) Build 2729669 Thu Dec  5 04:48:12 MST 2019
| Date         : Thu Dec  3 15:41:40 2020
| Host         : connors-workstation running 64-bit Ubuntu 18.04.5 LTS
| Command      : upgrade_ip
| Device       : xc7a100tcsg324-1
--------------------------------------------------------------------------------------

Upgrade Log for IP 'axi_cpu_clk_wiz_1_0'

1. Summary
----------

SUCCESS in the conversion of axi_cpu_clk_wiz_1_0 (xilinx.com:ip:clk_wiz:6.0 (Rev. 4)) to Vivado generation flows.






Copyright 1986-2019 Xilinx, Inc. All Rights Reserved.
--------------------------------------------------------------------------------------
| Tool Version : Vivado v.2019.2.1 (lin64) Build 2729669 Thu Dec  5 04:48:12 MST 2019
| Date         : Thu Dec  3 15:41:40 2020
| Host         : connors-workstation running 64-bit Ubuntu 18.04.5 LTS
| Command      : upgrade_ip
| Device       : xc7a100tcsg324-1
--------------------------------------------------------------------------------------

Upgrade Log for IP 'axi_cpu_axi_uartlite_0_0'

1. Summary
----------

SUCCESS in the conversion of axi_cpu_axi_uartlite_0_0 (xilinx.com:ip:axi_uartlite:2.0 (Rev. 24)) to Vivado generation flows.

