15:12:36 INFO  : Launching XSCT server: xsct -n  -interactive /home/connor/Documents/Programs/Vivado/4300/SHA-256-SoC/application_workspace/temp_xsdb_launch_script.tcl
15:12:48 INFO  : XSCT server has started successfully.
15:13:05 INFO  : Registering command handlers for Vitis TCF services
15:13:17 INFO  : plnx-install-location is set to ''
15:13:17 INFO  : Successfully done setting XSCT server connection channel  
15:13:17 INFO  : Successfully done query RDI_DATADIR 
15:13:17 INFO  : Successfully done setting workspace for the tool. 
15:48:39 INFO  : Checking for BSP changes to sync application flags for project 'sha-2_perf_metrics'...
15:49:15 INFO  : Checking for BSP changes to sync application flags for project 'sha-2_perf_metrics'...
15:54:32 INFO  : Checking for BSP changes to sync application flags for project 'sha-2_perf_metrics'...
15:55:18 INFO  : Checking for BSP changes to sync application flags for project 'sha-2_perf_metrics'...
15:55:36 INFO  : Checking for BSP changes to sync application flags for project 'sha-2_perf_metrics'...
15:59:09 INFO  : Checking for BSP changes to sync application flags for project 'sha-2_perf_metrics'...
16:00:14 INFO  : Checking for BSP changes to sync application flags for project 'sha-2_perf_metrics'...
16:01:07 INFO  : Checking for BSP changes to sync application flags for project 'sha-2_perf_metrics'...
16:03:10 INFO  : Checking for BSP changes to sync application flags for project 'sha-2_perf_metrics'...
16:06:04 INFO  : Checking for BSP changes to sync application flags for project 'sha-2_perf_metrics'...
16:10:09 INFO  : Checking for BSP changes to sync application flags for project 'sha-2_perf_metrics'...
16:10:26 INFO  : Checking for BSP changes to sync application flags for project 'sha-2_perf_metrics'...
16:12:05 INFO  : Checking for BSP changes to sync application flags for project 'sha-2_perf_metrics'...
16:12:25 INFO  : Checking for BSP changes to sync application flags for project 'sha-2_perf_metrics'...
19:54:39 INFO  : Launching XSCT server: xsct -n  -interactive /home/connor/Documents/Programs/Vivado/4300/SHA-256-SoC/application_workspace/temp_xsdb_launch_script.tcl
19:54:41 INFO  : Registering command handlers for Vitis TCF services
19:54:42 INFO  : XSCT server has started successfully.
19:54:42 INFO  : plnx-install-location is set to ''
19:54:42 INFO  : Successfully done setting XSCT server connection channel  
19:54:42 INFO  : Successfully done query RDI_DATADIR 
19:54:42 INFO  : Successfully done setting workspace for the tool. 
20:00:56 INFO  : Checking for BSP changes to sync application flags for project 'sha-2_perf_metrics'...
20:01:18 INFO  : Checking for BSP changes to sync application flags for project 'sha-2_perf_metrics'...
20:02:07 INFO  : Checking for BSP changes to sync application flags for project 'sha-2_perf_metrics'...
20:06:59 INFO  : Checking for BSP changes to sync application flags for project 'sha-2_perf_metrics'...
20:17:49 INFO  : Checking for BSP changes to sync application flags for project 'sha-2_perf_metrics'...
20:18:18 INFO  : Checking for BSP changes to sync application flags for project 'sha-2_perf_metrics'...
20:19:04 INFO  : Checking for BSP changes to sync application flags for project 'sha-2_perf_metrics'...
20:28:06 INFO  : Checking for BSP changes to sync application flags for project 'sha-2_perf_metrics'...
20:28:27 INFO  : Checking for BSP changes to sync application flags for project 'sha-2_perf_metrics'...
20:29:36 INFO  : Checking for BSP changes to sync application flags for project 'sha-2_perf_metrics'...
20:31:13 INFO  : Checking for BSP changes to sync application flags for project 'sha-2_perf_metrics'...
20:32:02 INFO  : Checking for BSP changes to sync application flags for project 'sha-2_perf_metrics'...
20:32:55 INFO  : Checking for BSP changes to sync application flags for project 'sha-2_perf_metrics'...
20:35:17 INFO  : Checking for BSP changes to sync application flags for project 'sha-2_perf_metrics'...
20:35:45 INFO  : Checking for BSP changes to sync application flags for project 'sha-2_perf_metrics'...
20:36:33 INFO  : Checking for BSP changes to sync application flags for project 'sha-2_perf_metrics'...
20:37:31 INFO  : Checking for BSP changes to sync application flags for project 'sha-2_perf_metrics'...
20:37:55 INFO  : Checking for BSP changes to sync application flags for project 'sha-2_perf_metrics'...
20:38:19 INFO  : Checking for BSP changes to sync application flags for project 'sha-2_perf_metrics'...
20:39:00 INFO  : Checking for BSP changes to sync application flags for project 'sha-2_perf_metrics'...
20:39:15 INFO  : Checking for BSP changes to sync application flags for project 'sha-2_perf_metrics'...
20:39:59 INFO  : Checking for BSP changes to sync application flags for project 'sha-2_perf_metrics'...
20:40:28 INFO  : Checking for BSP changes to sync application flags for project 'sha-2_perf_metrics'...
20:47:05 INFO  : Checking for BSP changes to sync application flags for project 'sha-2_perf_metrics'...
20:47:47 INFO  : Checking for BSP changes to sync application flags for project 'sha-2_perf_metrics'...
20:49:13 INFO  : Checking for BSP changes to sync application flags for project 'sha-2_perf_metrics'...
20:50:22 INFO  : Checking for BSP changes to sync application flags for project 'sha-2_perf_metrics'...
20:52:34 INFO  : Checking for BSP changes to sync application flags for project 'sha-2_perf_metrics'...
20:54:22 INFO  : Checking for BSP changes to sync application flags for project 'sha-2_perf_metrics'...
20:55:34 INFO  : Checking for BSP changes to sync application flags for project 'sha-2_perf_metrics'...
20:56:28 INFO  : Checking for BSP changes to sync application flags for project 'sha-2_perf_metrics'...
20:57:06 INFO  : Checking for BSP changes to sync application flags for project 'sha-2_perf_metrics'...
20:57:57 INFO  : Checking for BSP changes to sync application flags for project 'sha-2_perf_metrics'...
20:58:12 INFO  : Checking for BSP changes to sync application flags for project 'sha-2_perf_metrics'...
21:03:27 INFO  : Checking for BSP changes to sync application flags for project 'sha-2_perf_metrics'...
21:04:11 INFO  : Checking for BSP changes to sync application flags for project 'sha-2_perf_metrics'...
11:22:25 INFO  : Launching XSCT server: xsct -n  -interactive /home/connor/Documents/Programs/Vivado/4300/SHA-256-SoC/application_workspace/temp_xsdb_launch_script.tcl
11:22:36 INFO  : XSCT server has started successfully.
11:22:36 INFO  : Successfully done setting XSCT server connection channel  
11:22:36 INFO  : plnx-install-location is set to ''
11:22:36 INFO  : Successfully done setting workspace for the tool. 
11:22:43 INFO  : Registering command handlers for Vitis TCF services
11:23:14 INFO  : Successfully done query RDI_DATADIR 
14:28:38 INFO  : Launching XSCT server: xsct -n  -interactive /home/connor/Documents/Programs/Vivado/4300/SHA-256-SoC/application_workspace/temp_xsdb_launch_script.tcl
14:28:42 INFO  : XSCT server has started successfully.
14:28:42 INFO  : plnx-install-location is set to ''
14:28:42 INFO  : Successfully done setting XSCT server connection channel  
14:28:42 INFO  : Successfully done setting workspace for the tool. 
14:28:49 INFO  : Registering command handlers for Vitis TCF services
14:29:15 INFO  : Successfully done query RDI_DATADIR 
15:12:46 INFO  : Checking for BSP changes to sync application flags for project 'sha-2_perf_metrics'...
16:38:34 INFO  : Launching XSCT server: xsct -n  -interactive /home/connor/Documents/Programs/Vivado/4300/SHA-256-SoC/application_workspace/temp_xsdb_launch_script.tcl
16:38:42 INFO  : XSCT server has started successfully.
16:38:42 INFO  : plnx-install-location is set to ''
16:38:42 INFO  : Successfully done setting XSCT server connection channel  
16:38:42 INFO  : Successfully done setting workspace for the tool. 
16:38:43 INFO  : Registering command handlers for Vitis TCF services
16:39:00 INFO  : Successfully done query RDI_DATADIR 
13:34:03 INFO  : Launching XSCT server: xsct -n  -interactive /home/connor/Documents/Programs/Vivado/4300/SHA-256-SoC/application_workspace/temp_xsdb_launch_script.tcl
13:34:07 INFO  : XSCT server has started successfully.
13:34:07 INFO  : Successfully done setting XSCT server connection channel  
13:34:07 INFO  : plnx-install-location is set to ''
13:34:07 INFO  : Successfully done setting workspace for the tool. 
13:34:10 INFO  : Registering command handlers for Vitis TCF services
13:34:14 INFO  : Successfully done query RDI_DATADIR 
13:51:05 INFO  : Checking for BSP changes to sync application flags for project 'sha-2_perf_metrics'...
13:51:38 INFO  : Checking for BSP changes to sync application flags for project 'sha-2_perf_metrics'...
13:55:18 INFO  : Checking for BSP changes to sync application flags for project 'sha-2_perf_metrics'...
13:56:14 INFO  : Checking for BSP changes to sync application flags for project 'sha-2_perf_metrics'...
13:56:33 INFO  : Checking for BSP changes to sync application flags for project 'sha-2_perf_metrics'...
13:57:40 INFO  : Checking for BSP changes to sync application flags for project 'sha-2_perf_metrics'...
13:59:38 INFO  : Checking for BSP changes to sync application flags for project 'sha-2_perf_metrics'...
14:00:29 INFO  : Checking for BSP changes to sync application flags for project 'sha-2_perf_metrics'...
14:01:32 INFO  : Checking for BSP changes to sync application flags for project 'sha-2_perf_metrics'...
14:02:19 INFO  : Checking for BSP changes to sync application flags for project 'sha-2_perf_metrics'...
14:07:58 INFO  : Checking for BSP changes to sync application flags for project 'sha-2_perf_metrics'...
14:09:02 INFO  : Checking for BSP changes to sync application flags for project 'sha-2_perf_metrics'...
14:10:55 INFO  : Checking for BSP changes to sync application flags for project 'sha-2_perf_metrics'...
14:15:47 INFO  : Checking for BSP changes to sync application flags for project 'sha-2_perf_metrics'...
14:26:14 INFO  : Launching XSCT server: xsct -n  -interactive /home/connor/Documents/Programs/Vivado/4300/SHA-256-SoC/application_workspace/temp_xsdb_launch_script.tcl
14:26:24 INFO  : XSCT server has started successfully.
14:26:24 INFO  : plnx-install-location is set to ''
14:26:24 INFO  : Successfully done setting XSCT server connection channel  
14:26:24 INFO  : Successfully done setting workspace for the tool. 
14:26:27 INFO  : Registering command handlers for Vitis TCF services
14:26:47 INFO  : Successfully done query RDI_DATADIR 
14:27:15 INFO  : Checking for BSP changes to sync application flags for project 'sha-2_perf_metrics'...
14:28:04 INFO  : Bit file '/home/connor/Documents/Programs/Vivado/4300/SHA-256-SoC/application_workspace/mcs_top_sampler/hw/download.bit' is generated.
14:28:05 INFO  : Connected to target on host '127.0.0.1' and port '3121'.
14:28:06 INFO  : 'targets -set -filter {jtag_cable_name =~ "Digilent Nexys4DDR 210292A8AE9FA" && level==0} -index 0' command is executed.
14:28:06 ERROR : couldn't open "/home/connor/Documents/Programs/Vivado/4300/SHA-256-SoC/application_workspace/mcs_top_sampler/hw/download.bit": no such file or directory
14:28:45 INFO  : Bit file '/home/connor/Documents/Programs/Vivado/4300/SHA-256-SoC/application_workspace/mcs_top_sampler/hw/download.bit' is generated.
14:28:45 INFO  : Connected to target on host '127.0.0.1' and port '3121'.
14:28:45 INFO  : 'targets -set -filter {jtag_cable_name =~ "Digilent Nexys4DDR 210292A8AE9FA" && level==0} -index 0' command is executed.
14:28:45 INFO  : FPGA configured successfully with bitstream "/home/connor/Documents/Programs/Vivado/4300/SHA-256-SoC/application_workspace/mcs_top_sampler/hw/download.bit"
14:32:17 INFO  : Checking for BSP changes to sync application flags for project 'sha-2_perf_metrics'...
14:32:40 INFO  : Bit file '/home/connor/Documents/Programs/Vivado/4300/SHA-256-SoC/application_workspace/mcs_top_sampler/hw/download.bit' is generated.
14:32:40 INFO  : Connected to target on host '127.0.0.1' and port '3121'.
14:32:40 INFO  : 'targets -set -filter {jtag_cable_name =~ "Digilent Nexys4DDR 210292A8AE9FA" && level==0} -index 0' command is executed.
14:32:41 INFO  : FPGA configured successfully with bitstream "/home/connor/Documents/Programs/Vivado/4300/SHA-256-SoC/application_workspace/mcs_top_sampler/hw/download.bit"
14:35:38 INFO  : Checking for BSP changes to sync application flags for project 'sha-2_perf_metrics'...
14:36:03 INFO  : Bit file '/home/connor/Documents/Programs/Vivado/4300/SHA-256-SoC/application_workspace/mcs_top_sampler/hw/download.bit' is generated.
14:36:03 INFO  : Connected to target on host '127.0.0.1' and port '3121'.
14:36:03 INFO  : 'targets -set -filter {jtag_cable_name =~ "Digilent Nexys4DDR 210292A8AE9FA" && level==0} -index 0' command is executed.
14:36:03 INFO  : FPGA configured successfully with bitstream "/home/connor/Documents/Programs/Vivado/4300/SHA-256-SoC/application_workspace/mcs_top_sampler/hw/download.bit"
14:36:54 INFO  : Checking for BSP changes to sync application flags for project 'sha-2_perf_metrics'...
14:37:08 INFO  : Bit file '/home/connor/Documents/Programs/Vivado/4300/SHA-256-SoC/application_workspace/mcs_top_sampler/hw/download.bit' is generated.
14:37:08 INFO  : Connected to target on host '127.0.0.1' and port '3121'.
14:37:08 INFO  : 'targets -set -filter {jtag_cable_name =~ "Digilent Nexys4DDR 210292A8AE9FA" && level==0} -index 0' command is executed.
14:37:09 INFO  : FPGA configured successfully with bitstream "/home/connor/Documents/Programs/Vivado/4300/SHA-256-SoC/application_workspace/mcs_top_sampler/hw/download.bit"
14:40:23 INFO  : Checking for BSP changes to sync application flags for project 'sha-2_perf_metrics'...
14:40:48 INFO  : Checking for BSP changes to sync application flags for project 'sha-2_perf_metrics'...
14:41:03 INFO  : Bit file '/home/connor/Documents/Programs/Vivado/4300/SHA-256-SoC/application_workspace/mcs_top_sampler/hw/download.bit' is generated.
14:41:03 INFO  : Connected to target on host '127.0.0.1' and port '3121'.
14:41:03 INFO  : 'targets -set -filter {jtag_cable_name =~ "Digilent Nexys4DDR 210292A8AE9FA" && level==0} -index 0' command is executed.
14:41:04 INFO  : FPGA configured successfully with bitstream "/home/connor/Documents/Programs/Vivado/4300/SHA-256-SoC/application_workspace/mcs_top_sampler/hw/download.bit"
14:41:31 INFO  : Bit file '/home/connor/Documents/Programs/Vivado/4300/SHA-256-SoC/application_workspace/mcs_top_sampler/hw/download.bit' is generated.
14:41:31 INFO  : Connected to target on host '127.0.0.1' and port '3121'.
14:41:31 INFO  : 'targets -set -filter {jtag_cable_name =~ "Digilent Nexys4DDR 210292A8AE9FA" && level==0} -index 0' command is executed.
14:41:31 INFO  : FPGA configured successfully with bitstream "/home/connor/Documents/Programs/Vivado/4300/SHA-256-SoC/application_workspace/mcs_top_sampler/hw/download.bit"
14:53:08 INFO  : Launching XSCT server: xsct -n  -interactive /home/connor/Documents/Programs/Vivado/4300/SHA-256-SoC/application_workspace/temp_xsdb_launch_script.tcl
14:53:15 INFO  : XSCT server has started successfully.
14:53:15 INFO  : Successfully done setting XSCT server connection channel  
14:53:15 INFO  : plnx-install-location is set to ''
14:53:15 INFO  : Successfully done setting workspace for the tool. 
14:53:17 INFO  : Registering command handlers for Vitis TCF services
14:53:23 INFO  : Successfully done query RDI_DATADIR 
