Maj: 12
Maj: 12
Maj: 12
Maj: 12
Maj: 12
Maj: 12
Maj: 12
Maj: 12
Maj: 12
Maj: 12
Maj: 12
Maj: 12
Maj: 12
Maj: 12
Maj: 12
Maj: 12
Maj: 12
Maj: 12
Maj: 12
Maj: 12
Maj: 12
Maj: 12
Maj: 12
Maj: 12
Maj: 12
Maj: 12
Maj: 12
Maj: 12
Maj: 12
Maj: 12
Maj: 12
Maj: 12
Maj: 12
Maj: 12
Maj: 12
Maj: 12
Maj: 12
Maj: 12
Maj: 12
Maj: 12
Maj: 12
Maj: 12
Maj: 12
Maj: 12
Maj: 12
Maj: 12
Maj: 12
Maj: 12
Maj: 12
Maj: 12
Maj: 12
Maj: 12
Maj: 12
Maj: 12
Maj: 12
Maj: 12
Maj: 12
Maj: 12
Maj: 12
Maj: 12
Maj: 12
Maj: 12
Maj: 12
Maj: 12
